<?xml version="1.0" encoding="UTF-8"?>
<!-- Generated by org.testng.reporters.JUnitXMLReporter -->
<testsuite ignored="0" hostname="DESKTOP-5MVARJV" failures="0" tests="4" name="PetTests" time="20.734" errors="0" timestamp="2024-01-17T17:40:42 IST">
  <testcase classname="api.test.UserTests2" name="testPostUser" time="10.057"/>
  <testcase classname="api.test.UserTests2" name="testGetUserByName" time="2.106"/>
  <testcase classname="api.test.UserTests2" name="testUpdateUserByName" time="3.568"/>
  <testcase classname="api.test.UserTests2" name="testDeleteUserByName" time="1.704"/>
</testsuite> <!-- PetTests -->
