<?xml version="1.0" encoding="UTF-8"?>
<!-- Generated by org.testng.reporters.JUnitXMLReporter -->
<testsuite ignored="0" hostname="DESKTOP-5MVARJV" failures="0" tests="10" name="Surefire test" time="30.826" errors="0" timestamp="2024-01-17T17:36:48 IST">
  <testcase classname="api.test.DDTests" name="testPostuser" time="6.32"/>
  <testcase classname="api.test.DDTests" name="testPostuser" time="1.665"/>
  <testcase classname="api.test.DDTests" name="testPostuser" time="2.066"/>
  <testcase classname="api.test.DDTests" name="testDeleteUserByName" time="2.149"/>
  <testcase classname="api.test.DDTests" name="testDeleteUserByName" time="1.688"/>
  <testcase classname="api.test.DDTests" name="testDeleteUserByName" time="1.643"/>
  <testcase classname="api.test.UserTests" name="testPostUser" time="2.243"/>
  <testcase classname="api.test.UserTests" name="testGetUser" time="2.032"/>
  <testcase classname="api.test.UserTests" name="testPutUser" time="4.044"/>
  <testcase classname="api.test.UserTests" name="testDeleteUser" time="1.643"/>
</testsuite> <!-- Surefire test -->
