<?xml version="1.0" encoding="UTF-8"?>
<!-- Generated by org.testng.reporters.JUnitXMLReporter -->
<testsuite ignored="0" hostname="DESKTOP-5MVARJV" failures="0" tests="4" name="Default test" time="10.413" errors="0" timestamp="2024-01-15T23:48:04 IST">
  <testcase classname="api.test.UserTests" name="testPostUser" time="4.799"/>
  <testcase classname="api.test.UserTests" name="testGetUser" time="1.274"/>
  <testcase classname="api.test.UserTests" name="testPutUser" time="2.468"/>
  <testcase classname="api.test.UserTests" name="testDeleteUser" time="1.264"/>
</testsuite> <!-- Default test -->
