<?xml version="1.0" encoding="UTF-8"?>
<!-- Generated by org.testng.reporters.JUnitXMLReporter -->
<testsuite ignored="0" hostname="DESKTOP-5MVARJV" failures="0" tests="4" name="PetTests" time="14.351" errors="0" timestamp="2024-01-17T17:53:46 IST">
  <testcase classname="api.test.UserTests2" name="testPostUser" time="5.557"/>
  <testcase classname="api.test.UserTests2" name="testGetUserByName" time="1.731"/>
  <testcase classname="api.test.UserTests2" name="testUpdateUserByName" time="3.504"/>
  <testcase classname="api.test.UserTests2" name="testDeleteUserByName" time="1.648"/>
</testsuite> <!-- PetTests -->
