<?xml version="1.0" encoding="UTF-8"?>
<!-- Generated by org.testng.reporters.JUnitXMLReporter -->
<testsuite ignored="0" hostname="DESKTOP-5MVARJV" failures="0" tests="4" name="PetTests" time="15.353" errors="0" timestamp="2024-01-17T17:23:17 IST">
  <testcase classname="api.test.UserTests2" name="testPostUser" time="8.077"/>
  <testcase classname="api.test.UserTests2" name="testGetUserByName" time="1.26"/>
  <testcase classname="api.test.UserTests2" name="testUpdateUserByName" time="2.577"/>
  <testcase classname="api.test.UserTests2" name="testDeleteUserByName" time="1.221"/>
</testsuite> <!-- PetTests -->
